This file contains any messages produced by compilers while
running configure, to aid debugging if configure makes a mistake.

It was created by configure, which was
generated by GNU Autoconf 2.69.  Invocation command line was

  $ ./configure --target=gaspard-*-elf

## --------- ##
## Platform. ##
## --------- ##

hostname = fedora
uname -m = x86_64
uname -r = 5.15.7-100.fc34.x86_64
uname -s = Linux
uname -v = #1 SMP Wed Dec 8 19:14:15 UTC 2021

/usr/bin/uname -p = x86_64
/bin/uname -X     = unknown

/bin/arch              = x86_64
/usr/bin/arch -k       = unknown
/usr/convex/getsysinfo = unknown
/usr/bin/hostinfo      = unknown
/bin/machine           = unknown
/usr/bin/oslevel       = unknown
/bin/universe          = unknown

PATH: /home/linuxbrew/.linuxbrew/bin
PATH: /home/linuxbrew/.linuxbrew/sbin
PATH: /home/gaspard/Téléchargements/emsdk
PATH: /home/gaspard/Téléchargements/emsdk/upstream/emscripten
PATH: /home/gaspard/Téléchargements/emsdk/node/14.15.5_64bit/bin
PATH: /home/gaspard/.local/bin
PATH: /home/gaspard/bin
PATH: /usr/local/bin
PATH: /usr/local/sbin
PATH: /usr/bin
PATH: /usr/sbin


## ----------- ##
## Core tests. ##
## ----------- ##

configure:2352: checking build system type
configure:2366: result: x86_64-pc-linux-gnu
configure:2413: checking host system type
configure:2426: result: x86_64-pc-linux-gnu
configure:2446: checking target system type
configure:2459: result: gaspard-*-elf
configure:2513: checking for a BSD-compatible install
configure:2581: result: /usr/bin/install -c
configure:2592: checking whether ln works
configure:2614: result: yes
configure:2618: checking whether ln -s works
configure:2622: result: yes
configure:2629: checking for a sed that does not truncate output
configure:2693: result: /usr/bin/sed
configure:2702: checking for gawk
configure:2718: found /usr/bin/gawk
configure:2729: result: gawk
configure:4065: checking for gcc
configure:4081: found /usr/local/bin/gcc
configure:4092: result: gcc
configure:4321: checking for C compiler version
configure:4330: gcc --version >&5
gcc (GCC) 11.1.0
Copyright (C) 2021 Free Software Foundation, Inc.
This is free software; see the source for copying conditions.  There is NO
warranty; not even for MERCHANTABILITY or FITNESS FOR A PARTICULAR PURPOSE.

configure:4341: $? = 0
configure:4330: gcc -v >&5
Using built-in specs.
COLLECT_GCC=gcc
COLLECT_LTO_WRAPPER=/usr/local/libexec/gcc/x86_64-pc-linux-gnu/11.1.0/lto-wrapper
Target: x86_64-pc-linux-gnu
Configured with: ../configure --disable-boostrap --enable-languages=gc
Thread model: posix
Supported LTO compression algorithms: zlib zstd
gcc version 11.1.0 (GCC) 
configure:4341: $? = 0
configure:4330: gcc -V >&5
gcc: error: unrecognized command-line option '-V'
gcc: fatal error: no input files
compilation terminated.
configure:4341: $? = 1
configure:4330: gcc -qversion >&5
gcc: error: unrecognized command-line option '-qversion'; did you mean '--version'?
gcc: fatal error: no input files
compilation terminated.
configure:4341: $? = 1
configure:4361: checking whether the C compiler works
configure:4383: gcc    conftest.c  >&5
configure:4387: $? = 0
configure:4435: result: yes
configure:4438: checking for C compiler default output file name
configure:4440: result: a.out
configure:4446: checking for suffix of executables
configure:4453: gcc -o conftest    conftest.c  >&5
configure:4457: $? = 0
configure:4479: result: 
configure:4501: checking whether we are cross compiling
configure:4509: gcc -o conftest    conftest.c  >&5
configure:4513: $? = 0
configure:4520: ./conftest
configure:4524: $? = 0
configure:4539: result: no
configure:4544: checking for suffix of object files
configure:4566: gcc -c   conftest.c >&5
configure:4570: $? = 0
configure:4591: result: o
configure:4595: checking whether we are using the GNU C compiler
configure:4614: gcc -c   conftest.c >&5
configure:4614: $? = 0
configure:4623: result: yes
configure:4632: checking whether gcc accepts -g
configure:4652: gcc -c -g  conftest.c >&5
configure:4652: $? = 0
configure:4693: result: yes
configure:4710: checking for gcc option to accept ISO C89
configure:4773: gcc  -c -g -O2  conftest.c >&5
configure:4773: $? = 0
configure:4786: result: none needed
configure:4806: checking for gcc option to accept ISO C99
configure:4955: gcc  -c -g -O2  conftest.c >&5
configure:4955: $? = 0
configure:4968: result: none needed
configure:5041: checking for g++
configure:5057: found /usr/local/bin/g++
configure:5068: result: g++
configure:5095: checking for C++ compiler version
configure:5104: g++ --version >&5
g++ (GCC) 11.1.0
Copyright (C) 2021 Free Software Foundation, Inc.
This is free software; see the source for copying conditions.  There is NO
warranty; not even for MERCHANTABILITY or FITNESS FOR A PARTICULAR PURPOSE.

configure:5115: $? = 0
configure:5104: g++ -v >&5
Using built-in specs.
COLLECT_GCC=g++
COLLECT_LTO_WRAPPER=/usr/local/libexec/gcc/x86_64-pc-linux-gnu/11.1.0/lto-wrapper
Target: x86_64-pc-linux-gnu
Configured with: ../configure --disable-boostrap --enable-languages=gc
Thread model: posix
Supported LTO compression algorithms: zlib zstd
gcc version 11.1.0 (GCC) 
configure:5115: $? = 0
configure:5104: g++ -V >&5
g++: error: unrecognized command-line option '-V'
g++: fatal error: no input files
compilation terminated.
configure:5115: $? = 1
configure:5104: g++ -qversion >&5
g++: error: unrecognized command-line option '-qversion'; did you mean '--version'?
g++: fatal error: no input files
compilation terminated.
configure:5115: $? = 1
configure:5119: checking whether we are using the GNU C++ compiler
configure:5138: g++ -c   conftest.cpp >&5
configure:5138: $? = 0
configure:5147: result: yes
configure:5156: checking whether g++ accepts -g
configure:5176: g++ -c -g  conftest.cpp >&5
configure:5176: $? = 0
configure:5217: result: yes
configure:5266: checking whether g++ accepts -static-libstdc++ -static-libgcc
configure:5283: g++ -o conftest -g -O2   -static-libstdc++ -static-libgcc conftest.cpp  >&5
configure:5283: $? = 0
configure:5284: result: yes
configure:5348: checking for gnatbind
configure:5378: result: no
configure:5440: checking for gnatmake
configure:5470: result: no
configure:5489: checking whether compiler driver understands Ada
configure:5512: result: no
configure:5521: checking how to compare bootstrapped objects
configure:5546: result: cmp --ignore-initial=16 $$f1 $$f2
configure:5691: checking for objdir
configure:5706: result: .libs
configure:6271: checking for isl 0.15 or later
configure:6284: gcc -o conftest -g -O2      -lisl -lmpc -lmpfr -lgmp conftest.c  -lisl -lgmp >&5
conftest.c:10:10: fatal error: isl/schedule.h: No such file or directory
   10 | #include <isl/schedule.h>
      |          ^~~~~~~~~~~~~~~~
compilation terminated.
configure:6284: $? = 1
configure: failed program was:
| /* confdefs.h */
| #define PACKAGE_NAME ""
| #define PACKAGE_TARNAME ""
| #define PACKAGE_VERSION ""
| #define PACKAGE_STRING ""
| #define PACKAGE_BUGREPORT ""
| #define PACKAGE_URL ""
| #define LT_OBJDIR ".libs/"
| /* end confdefs.h.  */
| #include <isl/schedule.h>
| int
| main ()
| {
| isl_options_set_schedule_serialize_sccs (NULL, 0);
|   ;
|   return 0;
| }
configure:6291: result: no
configure:6295: result: required isl version is 0.15 or later
configure:7388: checking for default BUILD_CONFIG
configure:7420: result: 
configure:7425: checking for --enable-vtable-verify
configure:7438: result: no
configure:8059: checking for bison
configure:8075: found /home/linuxbrew/.linuxbrew/bin/bison
configure:8086: result: bison -y
configure:8106: checking for bison
configure:8122: found /home/linuxbrew/.linuxbrew/bin/bison
configure:8133: result: bison
configure:8153: checking for gm4
configure:8183: result: no
configure:8153: checking for gnum4
configure:8183: result: no
configure:8153: checking for m4
configure:8169: found /home/linuxbrew/.linuxbrew/bin/m4
configure:8180: result: m4
configure:8200: checking for flex
configure:8216: found /usr/bin/flex
configure:8227: result: flex
configure:8248: checking for flex
configure:8264: found /usr/bin/flex
configure:8275: result: flex
configure:8295: checking for makeinfo
configure:8311: found /usr/bin/makeinfo
configure:8322: result: makeinfo
configure:8356: checking for expect
configure:8386: result: no
configure:8405: checking for runtest
configure:8435: result: no
configure:8550: checking for ar
configure:8566: found /home/linuxbrew/.linuxbrew/bin/ar
configure:8577: result: ar
configure:8691: checking for as
configure:8707: found /home/linuxbrew/.linuxbrew/bin/as
configure:8718: result: as
configure:8832: checking for dlltool
configure:8848: found /home/linuxbrew/.linuxbrew/bin/dlltool
configure:8859: result: dlltool
configure:8973: checking for ld
configure:8989: found /home/linuxbrew/.linuxbrew/bin/ld
configure:9000: result: ld
configure:9114: checking for lipo
configure:9144: result: no
configure:9255: checking for nm
configure:9271: found /home/linuxbrew/.linuxbrew/bin/nm
configure:9282: result: nm
configure:9396: checking for ranlib
configure:9412: found /home/linuxbrew/.linuxbrew/bin/ranlib
configure:9423: result: ranlib
configure:9532: checking for strip
configure:9548: found /home/linuxbrew/.linuxbrew/bin/strip
configure:9559: result: strip
configure:9668: checking for windres
configure:9684: found /home/linuxbrew/.linuxbrew/bin/windres
configure:9695: result: windres
configure:9809: checking for windmc
configure:9825: found /home/linuxbrew/.linuxbrew/bin/windmc
configure:9836: result: windmc
configure:9950: checking for objcopy
configure:9966: found /home/linuxbrew/.linuxbrew/bin/objcopy
configure:9977: result: objcopy
configure:10091: checking for objdump
configure:10107: found /home/linuxbrew/.linuxbrew/bin/objdump
configure:10118: result: objdump
configure:10232: checking for readelf
configure:10248: found /home/linuxbrew/.linuxbrew/bin/readelf
configure:10259: result: readelf
configure:10285: checking for -plugin option
configure:10405: result: --plugin /usr/local/libexec/gcc/x86_64-pc-linux-gnu/11.1.0/liblto_plugin.so
configure:10517: checking for gaspard-*-elf-cc
configure:10547: result: no
configure:10517: checking for gaspard-*-elf-gcc
configure:10547: result: no
configure:10678: checking for gaspard-*-elf-c++
configure:10708: result: no
configure:10678: checking for gaspard-*-elf-g++
configure:10708: result: no
configure:10678: checking for gaspard-*-elf-cxx
configure:10708: result: no
configure:10678: checking for gaspard-*-elf-gxx
configure:10708: result: no
configure:10839: checking for gaspard-*-elf-gcc
configure:10869: result: no
configure:10995: checking for gaspard-*-elf-gfortran
configure:11025: result: no
configure:11156: checking for gaspard-*-elf-gccgo
configure:11186: result: no
configure:11397: checking for gaspard-*-elf-ar
configure:11427: result: no
configure:11627: checking for gaspard-*-elf-as
configure:11657: result: no
configure:11857: checking for gaspard-*-elf-dlltool
configure:11887: result: no
configure:12087: checking for gaspard-*-elf-ld
configure:12117: result: no
configure:12317: checking for gaspard-*-elf-lipo
configure:12347: result: no
configure:12547: checking for gaspard-*-elf-nm
configure:12577: result: no
configure:12777: checking for gaspard-*-elf-objcopy
configure:12807: result: no
configure:13007: checking for gaspard-*-elf-objdump
configure:13037: result: no
configure:13237: checking for gaspard-*-elf-ranlib
configure:13267: result: no
configure:13467: checking for gaspard-*-elf-readelf
configure:13497: result: no
configure:13697: checking for gaspard-*-elf-strip
configure:13727: result: no
configure:13927: checking for gaspard-*-elf-windres
configure:13957: result: no
configure:14157: checking for gaspard-*-elf-windmc
configure:14187: result: no
configure:14254: checking where to find the target ar
configure:14277: result: just compiled
configure:14296: checking where to find the target as
configure:14319: result: just compiled
configure:14338: checking where to find the target cc
configure:14375: result: pre-installed
configure:14380: checking where to find the target c++
configure:14420: result: pre-installed
configure:14425: checking where to find the target c++ for libstdc++
configure:14465: result: pre-installed
configure:14470: checking where to find the target dlltool
configure:14493: result: just compiled
configure:14512: checking where to find the target gcc
configure:14549: result: pre-installed
configure:14554: checking where to find the target gfortran
configure:14594: result: pre-installed
configure:14599: checking where to find the target gccgo
configure:14639: result: pre-installed
configure:14644: checking where to find the target ld
configure:14667: result: just compiled
configure:14686: checking where to find the target lipo
configure:14712: result: pre-installed
configure:14717: checking where to find the target nm
configure:14740: result: just compiled
configure:14759: checking where to find the target objcopy
configure:14782: result: just compiled
configure:14801: checking where to find the target objdump
configure:14824: result: just compiled
configure:14843: checking where to find the target ranlib
configure:14866: result: just compiled
configure:14885: checking where to find the target readelf
configure:14908: result: just compiled
configure:14927: checking where to find the target strip
configure:14950: result: just compiled
configure:14969: checking where to find the target windres
configure:14992: result: just compiled
configure:15011: checking where to find the target windmc
configure:15034: result: just compiled
configure:15081: checking whether to enable maintainer-specific portions of Makefiles
configure:15090: result: no
configure:15325: creating ./config.status

## ---------------------- ##
## Running config.status. ##
## ---------------------- ##

This file was extended by config.status, which was
generated by GNU Autoconf 2.69.  Invocation command line was

  CONFIG_FILES    = 
  CONFIG_HEADERS  = 
  CONFIG_LINKS    = 
  CONFIG_COMMANDS = 
  $ ./config.status 

on fedora

config.status:980: creating Makefile

## ---------------- ##
## Cache variables. ##
## ---------------- ##

ac_cv_build=x86_64-pc-linux-gnu
ac_cv_c_compiler_gnu=yes
ac_cv_cxx_compiler_gnu=yes
ac_cv_env_AR_FOR_TARGET_set=
ac_cv_env_AR_FOR_TARGET_value=
ac_cv_env_AR_set=
ac_cv_env_AR_value=
ac_cv_env_AS_FOR_TARGET_set=
ac_cv_env_AS_FOR_TARGET_value=
ac_cv_env_AS_set=
ac_cv_env_AS_value=
ac_cv_env_CCC_set=
ac_cv_env_CCC_value=
ac_cv_env_CC_FOR_TARGET_set=
ac_cv_env_CC_FOR_TARGET_value=
ac_cv_env_CC_set=
ac_cv_env_CC_value=
ac_cv_env_CFLAGS_set=
ac_cv_env_CFLAGS_value=
ac_cv_env_CPPFLAGS_set=
ac_cv_env_CPPFLAGS_value=
ac_cv_env_CXXFLAGS_set=
ac_cv_env_CXXFLAGS_value=
ac_cv_env_CXX_FOR_TARGET_set=
ac_cv_env_CXX_FOR_TARGET_value=
ac_cv_env_CXX_set=
ac_cv_env_CXX_value=
ac_cv_env_DLLTOOL_FOR_TARGET_set=
ac_cv_env_DLLTOOL_FOR_TARGET_value=
ac_cv_env_DLLTOOL_set=
ac_cv_env_DLLTOOL_value=
ac_cv_env_GCC_FOR_TARGET_set=
ac_cv_env_GCC_FOR_TARGET_value=
ac_cv_env_GFORTRAN_FOR_TARGET_set=
ac_cv_env_GFORTRAN_FOR_TARGET_value=
ac_cv_env_GOC_FOR_TARGET_set=
ac_cv_env_GOC_FOR_TARGET_value=
ac_cv_env_LDFLAGS_set=
ac_cv_env_LDFLAGS_value=
ac_cv_env_LD_FOR_TARGET_set=
ac_cv_env_LD_FOR_TARGET_value=
ac_cv_env_LD_set=
ac_cv_env_LD_value=
ac_cv_env_LIBS_set=
ac_cv_env_LIBS_value=
ac_cv_env_LIPO_FOR_TARGET_set=
ac_cv_env_LIPO_FOR_TARGET_value=
ac_cv_env_LIPO_set=
ac_cv_env_LIPO_value=
ac_cv_env_NM_FOR_TARGET_set=
ac_cv_env_NM_FOR_TARGET_value=
ac_cv_env_NM_set=
ac_cv_env_NM_value=
ac_cv_env_OBJCOPY_FOR_TARGET_set=
ac_cv_env_OBJCOPY_FOR_TARGET_value=
ac_cv_env_OBJCOPY_set=
ac_cv_env_OBJCOPY_value=
ac_cv_env_OBJDUMP_FOR_TARGET_set=
ac_cv_env_OBJDUMP_FOR_TARGET_value=
ac_cv_env_OBJDUMP_set=
ac_cv_env_OBJDUMP_value=
ac_cv_env_RANLIB_FOR_TARGET_set=
ac_cv_env_RANLIB_FOR_TARGET_value=
ac_cv_env_RANLIB_set=
ac_cv_env_RANLIB_value=
ac_cv_env_READELF_FOR_TARGET_set=
ac_cv_env_READELF_FOR_TARGET_value=
ac_cv_env_READELF_set=
ac_cv_env_READELF_value=
ac_cv_env_STRIP_FOR_TARGET_set=
ac_cv_env_STRIP_FOR_TARGET_value=
ac_cv_env_STRIP_set=
ac_cv_env_STRIP_value=
ac_cv_env_WINDMC_FOR_TARGET_set=
ac_cv_env_WINDMC_FOR_TARGET_value=
ac_cv_env_WINDMC_set=
ac_cv_env_WINDMC_value=
ac_cv_env_WINDRES_FOR_TARGET_set=
ac_cv_env_WINDRES_FOR_TARGET_value=
ac_cv_env_WINDRES_set=
ac_cv_env_WINDRES_value=
ac_cv_env_build_alias_set=
ac_cv_env_build_alias_value=
ac_cv_env_build_configargs_set=
ac_cv_env_build_configargs_value=
ac_cv_env_host_alias_set=
ac_cv_env_host_alias_value=
ac_cv_env_host_configargs_set=
ac_cv_env_host_configargs_value=
ac_cv_env_target_alias_set=set
ac_cv_env_target_alias_value='gaspard-*-elf'
ac_cv_env_target_configargs_set=
ac_cv_env_target_configargs_value=
ac_cv_host=x86_64-pc-linux-gnu
ac_cv_objext=o
ac_cv_path_SED=/usr/bin/sed
ac_cv_path_install='/usr/bin/install -c'
ac_cv_prog_AR=ar
ac_cv_prog_AS=as
ac_cv_prog_AWK=gawk
ac_cv_prog_BISON=bison
ac_cv_prog_DLLTOOL=dlltool
ac_cv_prog_FLEX=flex
ac_cv_prog_LD=ld
ac_cv_prog_LEX=flex
ac_cv_prog_M4=m4
ac_cv_prog_MAKEINFO=makeinfo
ac_cv_prog_NM=nm
ac_cv_prog_OBJCOPY=objcopy
ac_cv_prog_OBJDUMP=objdump
ac_cv_prog_RANLIB=ranlib
ac_cv_prog_READELF=readelf
ac_cv_prog_STRIP=strip
ac_cv_prog_WINDMC=windmc
ac_cv_prog_WINDRES=windres
ac_cv_prog_YACC='bison -y'
ac_cv_prog_ac_ct_CC=gcc
ac_cv_prog_ac_ct_CXX=g++
ac_cv_prog_cc_c89=
ac_cv_prog_cc_c99=
ac_cv_prog_cc_g=yes
ac_cv_prog_cxx_g=yes
ac_cv_target='gaspard-*-elf'
acx_cv_cc_gcc_supports_ada=no
acx_cv_prog_LN=ln
gcc_cv_isl=no
gcc_cv_prog_cmp_skip='cmp --ignore-initial=16 $$f1 $$f2'
gcc_cv_tool_dirs=
gcc_cv_tool_prefix=/usr/local
lt_cv_objdir=.libs

## ----------------- ##
## Output variables. ##
## ----------------- ##

AR='ar'
AR_FOR_BUILD='$(AR)'
AR_FOR_TARGET='$$r/$(HOST_SUBDIR)/binutils/ar'
AR_PLUGIN_OPTION='--plugin /usr/local/libexec/gcc/x86_64-pc-linux-gnu/11.1.0/liblto_plugin.so'
AS='as'
AS_FOR_BUILD='$(AS)'
AS_FOR_TARGET='$$r/$(HOST_SUBDIR)/gas/as-new'
AWK='gawk'
BISON='bison'
BUILD_CONFIG=''
CC='gcc'
CC_FOR_BUILD='$(CC)'
CC_FOR_TARGET='gaspard-*-elf-cc'
CFLAGS='-g -O2'
CFLAGS_FOR_BUILD='-g -O2'
CFLAGS_FOR_TARGET='-g -O2'
COMPILER_AS_FOR_TARGET='$(AS_FOR_TARGET)'
COMPILER_LD_FOR_TARGET='$(LD_FOR_TARGET)'
COMPILER_NM_FOR_TARGET='$(NM_FOR_TARGET)'
CONFIGURE_GDB_TK=''
CPPFLAGS=''
CXX='g++'
CXXFLAGS='-g -O2'
CXXFLAGS_FOR_BUILD='-g -O2'
CXXFLAGS_FOR_TARGET='-g -O2'
CXX_FOR_BUILD='$(CXX)'
CXX_FOR_TARGET='gaspard-*-elf-c++'
DEBUG_PREFIX_CFLAGS_FOR_TARGET=''
DEFS='-DPACKAGE_NAME=\"\" -DPACKAGE_TARNAME=\"\" -DPACKAGE_VERSION=\"\" -DPACKAGE_STRING=\"\" -DPACKAGE_BUGREPORT=\"\" -DPACKAGE_URL=\"\" -DLT_OBJDIR=\".libs/\"'
DLLTOOL='dlltool'
DLLTOOL_FOR_BUILD='$(DLLTOOL)'
DLLTOOL_FOR_TARGET='$$r/$(HOST_SUBDIR)/binutils/dlltool'
ECHO_C=''
ECHO_N='-n'
ECHO_T=''
EXEEXT=''
EXPECT='expect'
FLAGS_FOR_TARGET=' -L$$r/$(HOST_SUBDIR)/ld'
FLEX='flex'
GCC_FOR_TARGET='gaspard-*-elf-gcc'
GCC_SHLIB_SUBDIR=''
GDB_TK=''
GFORTRAN_FOR_BUILD='$(GFORTRAN)'
GFORTRAN_FOR_TARGET='gaspard-*-elf-gfortran'
GNATBIND='no'
GNATMAKE='no'
GOC_FOR_BUILD='$(GOC)'
GOC_FOR_TARGET='gaspard-*-elf-gccgo'
INSTALL_DATA='${INSTALL} -m 644'
INSTALL_GDB_TK=''
INSTALL_PROGRAM='${INSTALL}'
INSTALL_SCRIPT='${INSTALL}'
LD='ld'
LDFLAGS=''
LDFLAGS_FOR_BUILD=''
LDFLAGS_FOR_TARGET=''
LD_FOR_BUILD='$(LD)'
LD_FOR_TARGET='$$r/$(HOST_SUBDIR)/ld/ld-new'
LEX='flex'
LIBOBJS=''
LIBS=''
LIPO='lipo'
LIPO_FOR_TARGET='gaspard-*-elf-lipo'
LN='ln'
LN_S='ln -s'
LTLIBOBJS=''
M4='m4'
MAINT='#'
MAINTAINER_MODE_FALSE=''
MAINTAINER_MODE_TRUE='#'
MAKEINFO='makeinfo'
NM='nm'
NM_FOR_BUILD='$(NM)'
NM_FOR_TARGET='$$r/$(HOST_SUBDIR)/binutils/nm-new'
OBJCOPY='objcopy'
OBJCOPY_FOR_TARGET='$$r/$(HOST_SUBDIR)/binutils/objcopy'
OBJDUMP='objdump'
OBJDUMP_FOR_TARGET='$$r/$(HOST_SUBDIR)/binutils/objdump'
OBJEXT='o'
PACKAGE_BUGREPORT=''
PACKAGE_NAME=''
PACKAGE_STRING=''
PACKAGE_TARNAME=''
PACKAGE_URL=''
PACKAGE_VERSION=''
PATH_SEPARATOR=':'
PGO_BUILD_GEN_CFLAGS=''
PGO_BUILD_LTO_CFLAGS=''
PGO_BUILD_USE_CFLAGS=''
RANLIB='ranlib'
RANLIB_FOR_BUILD='$(RANLIB)'
RANLIB_FOR_TARGET='$$r/$(HOST_SUBDIR)/binutils/ranlib'
RANLIB_PLUGIN_OPTION='--plugin /usr/local/libexec/gcc/x86_64-pc-linux-gnu/11.1.0/liblto_plugin.so'
RAW_CXX_FOR_TARGET='gaspard-*-elf-c++'
READELF='readelf'
READELF_FOR_TARGET='$$r/$(HOST_SUBDIR)/binutils/readelf'
RPATH_ENVVAR='LD_LIBRARY_PATH'
RUNTEST='runtest'
SED='/usr/bin/sed'
SHELL='/bin/sh'
STRIP='strip'
STRIP_FOR_TARGET='$$r/$(HOST_SUBDIR)/binutils/strip-new'
SYSROOT_CFLAGS_FOR_TARGET=''
TOPLEVEL_CONFIGURE_ARGUMENTS='./configure --target='\''gaspard-*-elf'\'''
WINDMC='windmc'
WINDMC_FOR_BUILD='$(WINDMC)'
WINDMC_FOR_TARGET='$$r/$(HOST_SUBDIR)/binutils/windmc'
WINDRES='windres'
WINDRES_FOR_BUILD='$(WINDRES)'
WINDRES_FOR_TARGET='$$r/$(HOST_SUBDIR)/binutils/windres'
YACC='bison -y'
ac_ct_CC='gcc'
ac_ct_CXX='g++'
bindir='${exec_prefix}/bin'
build='x86_64-pc-linux-gnu'
build_alias=''
build_configargs=' --cache-file=./config.cache  --program-transform-name='\''s&^&gaspard-*-elf-&'\'' --disable-option-checking'
build_configdirs=' libiberty'
build_cpu='x86_64'
build_libsubdir='build-x86_64-pc-linux-gnu'
build_noncanonical='x86_64-pc-linux-gnu'
build_os='linux-gnu'
build_subdir='build-x86_64-pc-linux-gnu'
build_tooldir='${exec_prefix}/gaspard-*-elf'
build_vendor='pc'
compare_exclusions='gcc/cc*-checksum$(objext) | gcc/ada/*tools/*'
configdirs=' intl libiberty opcodes bfd zlib libctf binutils gas ld gprof etc'
datadir='${datarootdir}'
datarootdir='${prefix}/share'
do_compare='cmp --ignore-initial=16 $$f1 $$f2'
docdir='${datarootdir}/doc/${PACKAGE}'
dvidir='${docdir}'
exec_prefix='${prefix}'
extra_host_libiberty_configure_flags=''
extra_host_zlib_configure_flags=''
extra_isl_gmp_configure_flags=''
extra_liboffloadmic_configure_flags=''
extra_linker_plugin_configure_flags=''
extra_linker_plugin_flags=''
extra_mpc_gmp_configure_flags=''
extra_mpc_mpfr_configure_flags=''
extra_mpfr_configure_flags=''
get_gcc_base_ver='cat'
gmpinc=''
gmplibs='-lmpc -lmpfr -lgmp'
host='x86_64-pc-linux-gnu'
host_alias=''
host_configargs=' --cache-file=./config.cache  --with-gnu-as --with-gnu-ld  --program-transform-name='\''s&^&gaspard-*-elf-&'\'' --disable-option-checking'
host_cpu='x86_64'
host_noncanonical='x86_64-pc-linux-gnu'
host_os='linux-gnu'
host_shared='no'
host_subdir='.'
host_vendor='pc'
htmldir='${docdir}'
includedir='${prefix}/include'
infodir='${datarootdir}/info'
islinc=''
isllibs=''
libdir='${exec_prefix}/lib'
libexecdir='${exec_prefix}/libexec'
localedir='${datarootdir}/locale'
localstatedir='${prefix}/var'
mandir='${datarootdir}/man'
oldincludedir='/usr/include'
pdfdir='${docdir}'
poststage1_ldflags='-static-libstdc++ -static-libgcc'
poststage1_libs=''
prefix='/usr/local'
program_transform_name='s&^&gaspard-*-elf-&'
psdir='${docdir}'
sbindir='${exec_prefix}/sbin'
sharedstatedir='${prefix}/com'
stage1_cflags='-g'
stage1_checking='--enable-checking=yes,types'
stage1_languages=',c,'
stage1_ldflags=''
stage1_libs=''
stage2_werror_flag=''
sysconfdir='${prefix}/etc'
target='gaspard-*-elf'
target_alias='gaspard-*-elf'
target_configargs='--cache-file=./config.cache --enable-multilib --with-cross-host=x86_64-pc-linux-gnu   --program-transform-name='\''s&^&gaspard-*-elf-&'\'' --disable-option-checking'
target_configdirs=''
target_cpu='gaspard'
target_noncanonical='gaspard-*-elf'
target_os='COPYING.LIB-COPYING3-COPYING3.LIB-ChangeLog-MAINTAINERS-Makefile.def-Makefile.in-Makefile.tpl-README-README-maintainer-mode-ar-lib-bfd-binutils-build-compile-confdefs.h-config-config-ml.in-config.guess-config.log-config.rpath-config.sub-configure-configure.ac-cpu-depcomp-elfcpp-etc-gas-gold-gprof-include-install-sh-intl-ld-libctf-libiberty-libtool.m4-ltgcc.m4-ltmain.sh-ltoptions.m4-ltsugar.m4-ltversion.m4-lt~obsolete.m4-makefile.vms-missing-mkdep-mkinstalldirs-move-if-change-opcodes-setup.com-sha256.sum-src-release.sh-symlink-tree-test-driver-texinfo-ylwrap-zlib-elf'
target_subdir='gaspard-*-elf'
target_vendor='COPYING'
tooldir='${exec_prefix}/gaspard-*-elf'

## ------------------- ##
## File substitutions. ##
## ------------------- ##

alphaieee_frag='/dev/null'
host_makefile_frag='/dev/null'
ospace_frag='/dev/null'
serialization_dependencies='serdep.tmp'
target_makefile_frag='/dev/null'

## ----------- ##
## confdefs.h. ##
## ----------- ##

/* confdefs.h */
#define PACKAGE_NAME ""
#define PACKAGE_TARNAME ""
#define PACKAGE_VERSION ""
#define PACKAGE_STRING ""
#define PACKAGE_BUGREPORT ""
#define PACKAGE_URL ""
#define LT_OBJDIR ".libs/"

configure: exit 0
